{"C:\\Users\\HASSANUL HAQUE\\OneDrive - iitkgp.ac.in\\Desktop\\IIT KGP\\WebD\\simpleSwiggy\\src\\components\\Help.js": {"path":"C:\\Users\\HASSANUL HAQUE\\OneDrive - iitkgp.ac.in\\Desktop\\IIT KGP\\WebD\\simpleSwiggy\\src\\components\\Help.js","statementMap":{"0":{"start":{"line":6,"column":13},"end":{"line":69,"column":1}},"1":{"start":{"line":35,"column":4},"end":{"line":68,"column":5}}},"fnMap":{"0":{"name":"(anonymous_0)","decl":{"start":{"line":6,"column":13},"end":{"line":6,"column":14}},"loc":{"start":{"line":6,"column":19},"end":{"line":69,"column":1}},"line":6}},"branchMap":{},"s":{"0":1,"1":3},"f":{"0":3},"b":{},"_coverageSchema":"1a1c01bbd47fc00a2c39e90264f33305004495a9","hash":"04939e1bb2ecac1b7f2592cac9e750c34ab24ec6"}
,"C:\\Users\\HASSANUL HAQUE\\OneDrive - iitkgp.ac.in\\Desktop\\IIT KGP\\WebD\\simpleSwiggy\\src\\components\\sum.js": {"path":"C:\\Users\\HASSANUL HAQUE\\OneDrive - iitkgp.ac.in\\Desktop\\IIT KGP\\WebD\\simpleSwiggy\\src\\components\\sum.js","statementMap":{"0":{"start":{"line":1,"column":19},"end":{"line":3,"column":1}},"1":{"start":{"line":2,"column":4},"end":{"line":2,"column":17}}},"fnMap":{"0":{"name":"(anonymous_0)","decl":{"start":{"line":1,"column":19},"end":{"line":1,"column":20}},"loc":{"start":{"line":1,"column":29},"end":{"line":3,"column":1}},"line":1}},"branchMap":{},"s":{"0":1,"1":1},"f":{"0":1},"b":{},"_coverageSchema":"1a1c01bbd47fc00a2c39e90264f33305004495a9","hash":"43c8e61931eee7a0075b74534c9f078868a3482b"}
}
